This file contains any messages produced by compilers while
running configure, to aid debugging if configure makes a mistake.

It was created by myperf configure 0.1, which was
generated by GNU Autoconf 2.67.  Invocation command line was

  $ ./configure 

## --------- ##
## Platform. ##
## --------- ##

hostname = test-pc
uname -m = x86_64
uname -r = 2.6.35-32-generic
uname -s = Linux
uname -v = #67-Ubuntu SMP Mon Mar 5 19:39:49 UTC 2012

/usr/bin/uname -p = unknown
/bin/uname -X     = unknown

/bin/arch              = unknown
/usr/bin/arch -k       = unknown
/usr/convex/getsysinfo = unknown
/usr/bin/hostinfo      = unknown
/bin/machine           = unknown
/usr/bin/oslevel       = unknown
/bin/universe          = unknown

PATH: /home/pfrag/.rvm/gems/ruby-1.9.3-p194/bin
PATH: /home/pfrag/.rvm/gems/ruby-1.9.3-p194@global/bin
PATH: /home/pfrag/.rvm/rubies/ruby-1.9.3-p194/bin
PATH: /home/pfrag/.rvm/bin
PATH: /home/pfrag/bin
PATH: /usr/local/sbin
PATH: /usr/local/bin
PATH: /usr/sbin
PATH: /usr/bin
PATH: /sbin
PATH: /bin
PATH: /usr/games
PATH: /opt/android-ndk-r5b
PATH: /home/pfrag/.rvm/bin
PATH: /opt/omnetpp-4.2.2/bin


## ----------- ##
## Core tests. ##
## ----------- ##

configure:2156: checking for a BSD-compatible install
configure:2224: result: /usr/bin/install -c
configure:2235: checking whether build environment is sane
configure:2285: result: yes
configure:2426: checking for a thread-safe mkdir -p
configure:2465: result: /bin/mkdir -p
configure:2478: checking for gawk
configure:2494: found /usr/bin/gawk
configure:2505: result: gawk
configure:2516: checking whether make sets $(MAKE)
configure:2538: result: yes
configure:2668: checking for gcc
configure:2684: found /usr/bin/gcc
configure:2695: result: gcc
configure:2924: checking for C compiler version
configure:2933: gcc --version >&5
gcc (Ubuntu/Linaro 4.4.4-14ubuntu5.1) 4.4.5
Copyright (C) 2010 Free Software Foundation, Inc.
This is free software; see the source for copying conditions.  There is NO
warranty; not even for MERCHANTABILITY or FITNESS FOR A PARTICULAR PURPOSE.

configure:2944: $? = 0
configure:2933: gcc -v >&5
Using built-in specs.
Target: x86_64-linux-gnu
Configured with: ../src/configure -v --with-pkgversion='Ubuntu/Linaro 4.4.4-14ubuntu5.1' --with-bugurl=file:///usr/share/doc/gcc-4.4/README.Bugs --enable-languages=c,c++,fortran,objc,obj-c++ --prefix=/usr --program-suffix=-4.4 --enable-shared --enable-multiarch --enable-linker-build-id --with-system-zlib --libexecdir=/usr/lib --without-included-gettext --enable-threads=posix --with-gxx-include-dir=/usr/include/c++/4.4 --libdir=/usr/lib --enable-nls --with-sysroot=/ --enable-clocale=gnu --enable-libstdcxx-debug --enable-objc-gc --disable-werror --with-arch-32=i686 --with-tune=generic --enable-checking=release --build=x86_64-linux-gnu --host=x86_64-linux-gnu --target=x86_64-linux-gnu
Thread model: posix
gcc version 4.4.5 (Ubuntu/Linaro 4.4.4-14ubuntu5.1) 
configure:2944: $? = 0
configure:2933: gcc -V >&5
gcc: '-V' option must have argument
configure:2944: $? = 1
configure:2933: gcc -qversion >&5
gcc: unrecognized option '-qversion'
gcc: no input files
configure:2944: $? = 1
configure:2964: checking whether the C compiler works
configure:2986: gcc    conftest.c  >&5
configure:2990: $? = 0
configure:3038: result: yes
configure:3041: checking for C compiler default output file name
configure:3043: result: a.out
configure:3049: checking for suffix of executables
configure:3056: gcc -o conftest    conftest.c  >&5
configure:3060: $? = 0
configure:3082: result: 
configure:3104: checking whether we are cross compiling
configure:3112: gcc -o conftest    conftest.c  >&5
configure:3116: $? = 0
configure:3123: ./conftest
configure:3127: $? = 0
configure:3142: result: no
configure:3147: checking for suffix of object files
configure:3169: gcc -c   conftest.c >&5
configure:3173: $? = 0
configure:3194: result: o
configure:3198: checking whether we are using the GNU C compiler
configure:3217: gcc -c   conftest.c >&5
configure:3217: $? = 0
configure:3226: result: yes
configure:3235: checking whether gcc accepts -g
configure:3255: gcc -c -g  conftest.c >&5
configure:3255: $? = 0
configure:3296: result: yes
configure:3313: checking for gcc option to accept ISO C89
configure:3377: gcc  -c -g -O2  conftest.c >&5
configure:3377: $? = 0
configure:3390: result: none needed
configure:3421: checking for style of include used by make
configure:3449: result: GNU
configure:3474: checking dependency style of gcc
configure:3584: result: gcc3
configure:3602: checking for cos in -lm
configure:3627: gcc -o conftest -g -O2   conftest.c -lm   >&5
conftest.c:18: warning: conflicting types for built-in function 'cos'
configure:3627: $? = 0
configure:3636: result: yes
configure:3654: checking how to run the C preprocessor
configure:3685: gcc -E  conftest.c
configure:3685: $? = 0
configure:3699: gcc -E  conftest.c
conftest.c:12: fatal error: ac_nonexistent.h: No such file or directory
compilation terminated.
configure:3699: $? = 1
configure: failed program was:
| /* confdefs.h */
| #define PACKAGE_NAME "myperf"
| #define PACKAGE_TARNAME "myperf"
| #define PACKAGE_VERSION "0.1"
| #define PACKAGE_STRING "myperf 0.1"
| #define PACKAGE_BUGREPORT "pfrag@aueb.gr"
| #define PACKAGE_URL ""
| #define PACKAGE "myperf"
| #define VERSION "0.1"
| #define HAVE_LIBM 1
| /* end confdefs.h.  */
| #include <ac_nonexistent.h>
configure:3724: result: gcc -E
configure:3744: gcc -E  conftest.c
configure:3744: $? = 0
configure:3758: gcc -E  conftest.c
conftest.c:12: fatal error: ac_nonexistent.h: No such file or directory
compilation terminated.
configure:3758: $? = 1
configure: failed program was:
| /* confdefs.h */
| #define PACKAGE_NAME "myperf"
| #define PACKAGE_TARNAME "myperf"
| #define PACKAGE_VERSION "0.1"
| #define PACKAGE_STRING "myperf 0.1"
| #define PACKAGE_BUGREPORT "pfrag@aueb.gr"
| #define PACKAGE_URL ""
| #define PACKAGE "myperf"
| #define VERSION "0.1"
| #define HAVE_LIBM 1
| /* end confdefs.h.  */
| #include <ac_nonexistent.h>
configure:3787: checking for grep that handles long lines and -e
configure:3845: result: /bin/grep
configure:3850: checking for egrep
configure:3912: result: /bin/grep -E
configure:3917: checking for ANSI C header files
configure:3937: gcc -c -g -O2  conftest.c >&5
configure:3937: $? = 0
configure:4010: gcc -o conftest -g -O2   conftest.c -lm  >&5
configure:4010: $? = 0
configure:4010: ./conftest
configure:4010: $? = 0
configure:4021: result: yes
configure:4034: checking for sys/types.h
configure:4034: gcc -c -g -O2  conftest.c >&5
configure:4034: $? = 0
configure:4034: result: yes
configure:4034: checking for sys/stat.h
configure:4034: gcc -c -g -O2  conftest.c >&5
configure:4034: $? = 0
configure:4034: result: yes
configure:4034: checking for stdlib.h
configure:4034: gcc -c -g -O2  conftest.c >&5
configure:4034: $? = 0
configure:4034: result: yes
configure:4034: checking for string.h
configure:4034: gcc -c -g -O2  conftest.c >&5
configure:4034: $? = 0
configure:4034: result: yes
configure:4034: checking for memory.h
configure:4034: gcc -c -g -O2  conftest.c >&5
configure:4034: $? = 0
configure:4034: result: yes
configure:4034: checking for strings.h
configure:4034: gcc -c -g -O2  conftest.c >&5
configure:4034: $? = 0
configure:4034: result: yes
configure:4034: checking for inttypes.h
configure:4034: gcc -c -g -O2  conftest.c >&5
configure:4034: $? = 0
configure:4034: result: yes
configure:4034: checking for stdint.h
configure:4034: gcc -c -g -O2  conftest.c >&5
configure:4034: $? = 0
configure:4034: result: yes
configure:4034: checking for unistd.h
configure:4034: gcc -c -g -O2  conftest.c >&5
configure:4034: $? = 0
configure:4034: result: yes
configure:4049: checking arpa/inet.h usability
configure:4049: gcc -c -g -O2  conftest.c >&5
configure:4049: $? = 0
configure:4049: result: yes
configure:4049: checking arpa/inet.h presence
configure:4049: gcc -E  conftest.c
configure:4049: $? = 0
configure:4049: result: yes
configure:4049: checking for arpa/inet.h
configure:4049: result: yes
configure:4049: checking limits.h usability
configure:4049: gcc -c -g -O2  conftest.c >&5
configure:4049: $? = 0
configure:4049: result: yes
configure:4049: checking limits.h presence
configure:4049: gcc -E  conftest.c
configure:4049: $? = 0
configure:4049: result: yes
configure:4049: checking for limits.h
configure:4049: result: yes
configure:4049: checking netinet/in.h usability
configure:4049: gcc -c -g -O2  conftest.c >&5
configure:4049: $? = 0
configure:4049: result: yes
configure:4049: checking netinet/in.h presence
configure:4049: gcc -E  conftest.c
configure:4049: $? = 0
configure:4049: result: yes
configure:4049: checking for netinet/in.h
configure:4049: result: yes
configure:4049: checking for stdlib.h
configure:4049: result: yes
configure:4049: checking for string.h
configure:4049: result: yes
configure:4049: checking sys/socket.h usability
configure:4049: gcc -c -g -O2  conftest.c >&5
configure:4049: $? = 0
configure:4049: result: yes
configure:4049: checking sys/socket.h presence
configure:4049: gcc -E  conftest.c
configure:4049: $? = 0
configure:4049: result: yes
configure:4049: checking for sys/socket.h
configure:4049: result: yes
configure:4049: checking sys/time.h usability
configure:4049: gcc -c -g -O2  conftest.c >&5
configure:4049: $? = 0
configure:4049: result: yes
configure:4049: checking sys/time.h presence
configure:4049: gcc -E  conftest.c
configure:4049: $? = 0
configure:4049: result: yes
configure:4049: checking for sys/time.h
configure:4049: result: yes
configure:4049: checking for unistd.h
configure:4049: result: yes
configure:4065: checking for stdlib.h
configure:4065: result: yes
configure:4075: checking for GNU libc compatible malloc
configure:4099: gcc -o conftest -g -O2   conftest.c -lm  >&5
configure:4099: $? = 0
configure:4099: ./conftest
configure:4099: $? = 0
configure:4109: result: yes
configure:4130: checking for working strtod
configure:4171: gcc -o conftest -g -O2   conftest.c -lm  >&5
conftest.c: In function 'main':
conftest.c:87: warning: ignoring return value of 'strtod', declared with attribute warn_unused_result
configure:4171: $? = 0
configure:4171: ./conftest
configure:4171: $? = 0
configure:4181: result: yes
configure:4246: checking for gettimeofday
configure:4246: gcc -o conftest -g -O2   conftest.c -lm  >&5
configure:4246: $? = 0
configure:4246: result: yes
configure:4246: checking for inet_ntoa
configure:4246: gcc -o conftest -g -O2   conftest.c -lm  >&5
configure:4246: $? = 0
configure:4246: result: yes
configure:4246: checking for memset
configure:4246: gcc -o conftest -g -O2   conftest.c -lm  >&5
conftest.c:57: warning: conflicting types for built-in function 'memset'
configure:4246: $? = 0
configure:4246: result: yes
configure:4246: checking for select
configure:4246: gcc -o conftest -g -O2   conftest.c -lm  >&5
configure:4246: $? = 0
configure:4246: result: yes
configure:4246: checking for socket
configure:4246: gcc -o conftest -g -O2   conftest.c -lm  >&5
configure:4246: $? = 0
configure:4246: result: yes
configure:4246: checking for strncasecmp
configure:4246: gcc -o conftest -g -O2   conftest.c -lm  >&5
conftest.c:60: warning: conflicting types for built-in function 'strncasecmp'
configure:4246: $? = 0
configure:4246: result: yes
configure:4246: checking for strtol
configure:4246: gcc -o conftest -g -O2   conftest.c -lm  >&5
configure:4246: $? = 0
configure:4246: result: yes
configure:4377: creating ./config.status

## ---------------------- ##
## Running config.status. ##
## ---------------------- ##

This file was extended by myperf config.status 0.1, which was
generated by GNU Autoconf 2.67.  Invocation command line was

  CONFIG_FILES    = 
  CONFIG_HEADERS  = 
  CONFIG_LINKS    = 
  CONFIG_COMMANDS = 
  $ ./config.status 

on test-pc

config.status:875: creating Makefile
config.status:875: creating config.h
config.status:1055: config.h is unchanged
config.status:1103: executing depfiles commands

## ---------------- ##
## Cache variables. ##
## ---------------- ##

ac_cv_c_compiler_gnu=yes
ac_cv_env_CC_set=
ac_cv_env_CC_value=
ac_cv_env_CFLAGS_set=
ac_cv_env_CFLAGS_value=
ac_cv_env_CPPFLAGS_set=
ac_cv_env_CPPFLAGS_value=
ac_cv_env_CPP_set=
ac_cv_env_CPP_value=
ac_cv_env_LDFLAGS_set=
ac_cv_env_LDFLAGS_value=
ac_cv_env_LIBS_set=
ac_cv_env_LIBS_value=
ac_cv_env_build_alias_set=
ac_cv_env_build_alias_value=
ac_cv_env_host_alias_set=
ac_cv_env_host_alias_value=
ac_cv_env_target_alias_set=
ac_cv_env_target_alias_value=
ac_cv_func_gettimeofday=yes
ac_cv_func_inet_ntoa=yes
ac_cv_func_malloc_0_nonnull=yes
ac_cv_func_memset=yes
ac_cv_func_select=yes
ac_cv_func_socket=yes
ac_cv_func_strncasecmp=yes
ac_cv_func_strtod=yes
ac_cv_func_strtol=yes
ac_cv_header_arpa_inet_h=yes
ac_cv_header_inttypes_h=yes
ac_cv_header_limits_h=yes
ac_cv_header_memory_h=yes
ac_cv_header_netinet_in_h=yes
ac_cv_header_stdc=yes
ac_cv_header_stdint_h=yes
ac_cv_header_stdlib_h=yes
ac_cv_header_string_h=yes
ac_cv_header_strings_h=yes
ac_cv_header_sys_socket_h=yes
ac_cv_header_sys_stat_h=yes
ac_cv_header_sys_time_h=yes
ac_cv_header_sys_types_h=yes
ac_cv_header_unistd_h=yes
ac_cv_lib_m_cos=yes
ac_cv_objext=o
ac_cv_path_EGREP='/bin/grep -E'
ac_cv_path_GREP=/bin/grep
ac_cv_path_install='/usr/bin/install -c'
ac_cv_path_mkdir=/bin/mkdir
ac_cv_prog_AWK=gawk
ac_cv_prog_CPP='gcc -E'
ac_cv_prog_ac_ct_CC=gcc
ac_cv_prog_cc_c89=
ac_cv_prog_cc_g=yes
ac_cv_prog_make_make_set=yes
am_cv_CC_dependencies_compiler_type=gcc3

## ----------------- ##
## Output variables. ##
## ----------------- ##

ACLOCAL='${SHELL} /opt/ptpv2-les/myperf-0.1/missing --run aclocal-1.11'
AMDEPBACKSLASH='\'
AMDEP_FALSE='#'
AMDEP_TRUE=''
AMTAR='${SHELL} /opt/ptpv2-les/myperf-0.1/missing --run tar'
AUTOCONF='${SHELL} /opt/ptpv2-les/myperf-0.1/missing --run autoconf'
AUTOHEADER='${SHELL} /opt/ptpv2-les/myperf-0.1/missing --run autoheader'
AUTOMAKE='${SHELL} /opt/ptpv2-les/myperf-0.1/missing --run automake-1.11'
AWK='gawk'
CC='gcc'
CCDEPMODE='depmode=gcc3'
CFLAGS='-g -O2'
CPP='gcc -E'
CPPFLAGS=''
CYGPATH_W='echo'
DEFS='-DHAVE_CONFIG_H'
DEPDIR='.deps'
ECHO_C=''
ECHO_N='-n'
ECHO_T=''
EGREP='/bin/grep -E'
EXEEXT=''
GREP='/bin/grep'
INSTALL_DATA='${INSTALL} -m 644'
INSTALL_PROGRAM='${INSTALL}'
INSTALL_SCRIPT='${INSTALL}'
INSTALL_STRIP_PROGRAM='$(install_sh) -c -s'
LDFLAGS=''
LIBOBJS=''
LIBS='-lm '
LTLIBOBJS=''
MAKEINFO='${SHELL} /opt/ptpv2-les/myperf-0.1/missing --run makeinfo'
MKDIR_P='/bin/mkdir -p'
OBJEXT='o'
PACKAGE='myperf'
PACKAGE_BUGREPORT='pfrag@aueb.gr'
PACKAGE_NAME='myperf'
PACKAGE_STRING='myperf 0.1'
PACKAGE_TARNAME='myperf'
PACKAGE_URL=''
PACKAGE_VERSION='0.1'
PATH_SEPARATOR=':'
POW_LIB=''
SET_MAKE=''
SHELL='/bin/bash'
STRIP=''
VERSION='0.1'
ac_ct_CC='gcc'
am__EXEEXT_FALSE=''
am__EXEEXT_TRUE='#'
am__fastdepCC_FALSE='#'
am__fastdepCC_TRUE=''
am__include='include'
am__isrc=''
am__leading_dot='.'
am__quote=''
am__tar='${AMTAR} chof - "$$tardir"'
am__untar='${AMTAR} xf -'
bindir='${exec_prefix}/bin'
build_alias=''
datadir='${datarootdir}'
datarootdir='${prefix}/share'
docdir='${datarootdir}/doc/${PACKAGE_TARNAME}'
dvidir='${docdir}'
exec_prefix='${prefix}'
host_alias=''
htmldir='${docdir}'
includedir='${prefix}/include'
infodir='${datarootdir}/info'
install_sh='${SHELL} /opt/ptpv2-les/myperf-0.1/install-sh'
libdir='${exec_prefix}/lib'
libexecdir='${exec_prefix}/libexec'
localedir='${datarootdir}/locale'
localstatedir='${prefix}/var'
mandir='${datarootdir}/man'
mkdir_p='/bin/mkdir -p'
oldincludedir='/usr/include'
pdfdir='${docdir}'
prefix='/usr/local'
program_transform_name='s,x,x,'
psdir='${docdir}'
sbindir='${exec_prefix}/sbin'
sharedstatedir='${prefix}/com'
sysconfdir='${prefix}/etc'
target_alias=''

## ----------- ##
## confdefs.h. ##
## ----------- ##

/* confdefs.h */
#define PACKAGE_NAME "myperf"
#define PACKAGE_TARNAME "myperf"
#define PACKAGE_VERSION "0.1"
#define PACKAGE_STRING "myperf 0.1"
#define PACKAGE_BUGREPORT "pfrag@aueb.gr"
#define PACKAGE_URL ""
#define PACKAGE "myperf"
#define VERSION "0.1"
#define HAVE_LIBM 1
#define STDC_HEADERS 1
#define HAVE_SYS_TYPES_H 1
#define HAVE_SYS_STAT_H 1
#define HAVE_STDLIB_H 1
#define HAVE_STRING_H 1
#define HAVE_MEMORY_H 1
#define HAVE_STRINGS_H 1
#define HAVE_INTTYPES_H 1
#define HAVE_STDINT_H 1
#define HAVE_UNISTD_H 1
#define HAVE_ARPA_INET_H 1
#define HAVE_LIMITS_H 1
#define HAVE_NETINET_IN_H 1
#define HAVE_STDLIB_H 1
#define HAVE_STRING_H 1
#define HAVE_SYS_SOCKET_H 1
#define HAVE_SYS_TIME_H 1
#define HAVE_UNISTD_H 1
#define HAVE_STDLIB_H 1
#define HAVE_MALLOC 1
#define HAVE_GETTIMEOFDAY 1
#define HAVE_INET_NTOA 1
#define HAVE_MEMSET 1
#define HAVE_SELECT 1
#define HAVE_SOCKET 1
#define HAVE_STRNCASECMP 1
#define HAVE_STRTOL 1

configure: exit 0
