097 01:36:59.634 1365298619632986757 1365298619633134310 1365298618386646752 1365298618386794891
097 01:37:00.627 1365298620625869717 1365298620626017523 1365298618386646752 1365298618386794891
097 01:37:01.620 1365298621618836077 1365298621618981829 1365298621097682218 1365298621097811451
097 01:37:02.613 1365298622611744117 1365298622611889707 1365298621097682218 1365298621097811451
097 01:37:03.606 1365298623604664077 1365298623604795504 1365298621097682218 1365298621097811451
097 01:37:04.599 1365298624597653797 1365298624597795127 1365298623807799923 1365298623807930587
097 01:37:05.592 1365298625590569957 1365298625590698019 1365298623807799923 1365298623807930587
097 01:37:06.585 1365298626583471317 1365298626583602968 1365298626515891562 1365298626516026411
097 01:37:07.578 1365298627576470597 1365298627576603829 1365298626515891562 1365298626516026411
097 01:37:08.571 1365298628569380197 1365298628569513177 1365298626515891562 1365298626516026411
097 01:37:09.564 1365298629562380677 1365298629562513116 1365298629225947775 1365298629226087979
097 01:37:10.557 1365298630555242397 1365298630555390158 1365298629225947775 1365298629226087979
097 01:37:11.550 1365298631548226677 1365298631548344514 1365298629225947775 1365298629226087979
097 01:37:12.543 1365298632541125037 1365298632541265053 1365298631936037916 1365298631936173211
097 01:37:13.536 1365298633534064077 1365298633534186021 1365298631936037916 1365298631936173211
097 01:37:14.529 1365298634527078837 1365298634527189036 1365298631936037916 1365298631936173211
097 01:37:15.521 1365298635519979517 1365298635520085254 1365298634646125989 1365298634646285491
097 01:37:16.514 1365298636512849757 1365298636512983172 1365298634646125989 1365298634646285491
097 01:37:17.507 1365298637505805517 1365298637505943686 1365298637354281183 1365298637354407355
097 01:37:18.500 1365298638498730317 1365298638498860615 1365298637354281183 1365298637354407355
097 01:37:19.493 1365298639491746277 1365298639491876271 1365298637354281183 1365298637354407355
097 01:37:20.486 1365298640484619237 1365298640484762582 1365298640064315102 1365298640064452035
097 01:37:21.479 1365298641477545637 1365298641477699837 1365298640064315102 1365298640064452035
097 01:37:22.472 1365298642470477477 1365298642470588787 1365298640064315102 1365298640064452035
097 01:37:23.465 1365298643463401237 1365298643463514177 1365298642774390356 1365298642774554091
097 01:37:24.458 1365298644456443117 1365298644456569724 1365298642774390356 1365298642774554091
097 01:37:25.451 1365298645449299277 1365298645449417986 1365298642774390356 1365298642774554091
097 01:37:26.444 1365298646442227517 1365298646442350592 1365298645485448380 1365298645485586403
097 01:37:27.437 1365298647435210397 1365298647435345465 1365298645485448380 1365298645485586403
097 01:37:28.430 1365298648428102917 1365298648428218565 1365298648193596576 1365298648193734403
097 01:37:29.423 1365298649421147437 1365298649421300634 1365298648193596576 1365298648193734403
097 01:37:30.415 1365298650413976477 1365298650414121159 1365298648193596576 1365298648193734403
097 01:37:31.408 1365298651406918637 1365298651407058498 1365298650903642553 1365298650903765611
097 01:37:32.401 1365298652399887877 1365298652400021654 1365298650903642553 1365298650903765611
097 01:37:33.394 1365298653392798957 1365298653392934445 1365298650903642553 1365298650903765611
097 01:37:34.387 1365298654385817917 1365298654385949314 1365298653613734305 1365298653613854971
097 01:37:35.380 1365298655378661317 1365298655378804189 1365298653613734305 1365298653613854971
097 01:37:36.373 1365298656371632917 1365298656371768678 1365298656321765429 1365298656321907259
097 01:37:37.366 1365298657364534477 1365298657364669148 1365298656321765429 1365298656321907259
097 01:37:38.359 1365298658357519437 1365298658357684029 1365298656321765429 1365298656321907259
097 01:37:39.352 1365298659350545957 1365298659350696127 1365298659031947348 1365298659032055083
097 01:37:40.345 1365298660343384517 1365298660343531837 1365298659031947348 1365298659032055083
097 01:37:41.338 1365298661336333837 1365298661336479130 1365298659031947348 1365298659032055083
097 01:37:42.331 1365298662329245717 1365298662329382745 1365298661743010382 1365298661743132115
097 01:37:43.324 1365298663322232837 1365298663322387611 1365298661743010382 1365298661743132115
097 01:37:44.317 1365298664315230877 1365298664315345221 1365298661743010382 1365298661743132115
097 01:37:45.310 1365298665308126917 1365298665308280566 1365298664453010203 1365298664453153043
097 01:37:46.303 1365298666301064597 1365298666301166751 1365298664453010203 1365298664453153043
097 01:37:47.295 1365298667293966117 1365298667294096473 1365298667161105845 1365298667161257307
097 01:37:48.288 1365298668286900037 1365298668286993615 1365298667161105845 1365298667161257307
097 01:37:49.281 1365298669279914397 1365298669280026833 1365298667161105845 1365298667161257307
097 01:37:50.274 1365298670272826637 1365298670272958133 1365298669871248834 1365298669871389603
097 01:37:51.268 1365298671266706077 1365298671266820303 1365298669871248834 1365298669871389603
097 01:37:52.261 1365298672259655637 1365298672259782425 1365298669871248834 1365298669871389603
097 01:37:53.254 1365298673252591677 1365298673252720099 1365298672582276430 1365298672582421707
097 01:37:54.247 1365298674245511757 1365298674245642866 1365298672582276430 1365298672582421707
097 01:37:55.240 1365298675238471397 1365298675238616209 1365298672582276430 1365298672582421707
097 01:37:56.233 1365298676231398397 1365298676231525736 1365298675292375562 1365298675292497843
097 01:37:57.226 1365298677224356437 1365298677224497927 1365298675292375562 1365298675292497843
097 01:37:58.219 1365298678217312117 1365298678217447783 1365298678000492107 1365298678000615699
097 01:37:59.212 1365298679210246037 1365298679210379514 1365298678000492107 1365298678000615699
097 01:38:00.205 1365298680203153397 1365298680203287968 1365298678000492107 1365298678000615699
097 01:38:01.198 1365298681196079397 1365298681196222560 1365298680710558901 1365298680710681995
097 01:38:02.191 1365298682189067717 1365298682189194981 1365298680710558901 1365298680710681995
097 01:38:03.184 1365298683182000637 1365298683182127051 1365298680710558901 1365298680710681995
097 01:38:04.176 1365298684174943757 1365298684175071726 1365298683420654143 1365298683420806227
097 01:38:05.169 1365298685167909717 1365298685168055775 1365298683420654143 1365298683420806227
097 01:38:06.162 1365298686160792197 1365298686160918631 1365298686128735233 1365298686128876123
097 01:38:07.155 1365298687153777717 1365298687153929539 1365298686128735233 1365298686128876123
097 01:38:08.148 1365298688146722637 1365298688146897160 1365298686128735233 1365298686128876123
097 01:38:09.141 1365298689139674597 1365298689139807343 1365298688839843430 1365298688839981955
097 01:38:10.135 1365298690132589397 1365298690132778706 1365298688839843430 1365298688839981955
097 01:38:11.127 1365298691125526957 1365298691125683090 1365298688839843430 1365298688839981955
097 01:38:12.120 1365298692118421037 1365298692118597644 1365298691549945329 1365298691550030731
097 01:38:13.113 1365298693111353397 1365298693111465004 1365298691549945329 1365298691550030731
097 01:38:14.106 1365298694104353277 1365298694104462277 1365298691549945329 1365298691550030731
097 01:38:15.099 1365298695097239557 1365298695097344289 1365298694259938966 1365298694260105915
097 01:38:16.092 1365298696090202557 1365298696090348164 1365298694259938966 1365298694260105915
097 01:38:17.085 1365298697083168557 1365298697083299038 1365298696968103631 1365298696968233955
097 01:38:18.078 1365298698076058677 1365298698076200986 1365298696968103631 1365298696968233955
097 01:38:19.071 1365298699069033997 1365298699069183333 1365298696968103631 1365298696968233955
097 01:38:20.064 1365298700061961597 1365298700062101132 1365298696968103631 1365298696968233955
097 01:38:21.056 1365298701054906397 1365298701055070105 1365298696968103631 1365298696968233955
097 01:38:22.464 1365298702462246117 1365298702462389029 1365298696968103631 1365298696968233955
097 01:38:23.457 1365298703455122077 1365298703455245152 1365298696968103631 1365298696968233955
097 01:38:24.450 1365298704448065477 1365298704448217011 1365298696968103631 1365298696968233955
097 01:38:25.443 1365298705441027117 1365298705441180039 1365298705230238392 1365298705230366147
097 01:38:26.435 1365298706433945717 1365298706434067639 1365298705230238392 1365298705230366147
097 01:38:27.428 1365298707426874757 1365298707427030945 1365298705230238392 1365298705230366147
097 01:38:28.421 1365298708419838197 1365298708419985446 1365298705230238392 1365298705230366147
097 01:38:29.414 1365298709412776677 1365298709412921216 1365298705230238392 1365298705230366147
097 01:38:30.407 1365298710405765157 1365298710405914139 1365298705230238392 1365298705230366147
097 01:38:31.400 1365298711398694597 1365298711398842155 1365298710943565181 1365298710943700939
097 01:38:32.393 1365298712391622557 1365298712391771662 1365298710943565181 1365298710943700939
097 01:38:33.386 1365298713384509757 1365298713384643378 1365298710943565181 1365298710943700939
097 01:38:34.379 1365298714377459837 1365298714377619790 1365298710943565181 1365298710943700939
097 01:38:35.372 1365298715370402437 1365298715370533327 1365298710943565181 1365298710943700939
097 01:38:36.365 1365298716363346477 1365298716363493739 1365298710943565181 1365298710943700939
097 01:38:37.358 1365298717356301917 1365298717356445321 1365298716657982517 1365298716658104483
097 01:38:38.351 1365298718349265317 1365298718349400408 1365298716657982517 1365298716658104483
097 01:38:39.344 1365298719342219237 1365298719342355639 1365298716657982517 1365298716658104483
097 01:38:40.337 1365298720335130837 1365298720335270789 1365298716657982517 1365298716658104483
097 01:38:41.330 1365298721328100357 1365298721328239648 1365298716657982517 1365298716658104483
097 01:38:42.323 1365298722320988757 1365298722321122981 1365298716657982517 1365298716658104483
097 01:38:43.315 1365298723313944837 1365298723314093308 1365298722371229197 1365298722371362851
097 01:38:44.308 1365298724306854957 1365298724306968819 1365298722371229197 1365298722371362851
097 01:38:45.301 1365298725299811357 1365298725299944665 1365298722371229197 1365298722371362851
097 01:38:46.295 1365298726292791357 1365298726292940364 1365298722371229197 1365298722371362851
097 01:38:47.287 1365298727285677957 1365298727285804256 1365298722371229197 1365298722371362851
097 01:38:48.280 1365298728278633517 1365298728278755321 1365298728083607976 1365298728083742771
097 01:38:49.273 1365298729271604637 1365298729271733361 1365298728083607976 1365298728083742771
097 01:38:50.266 1365298730264500477 1365298730264625859 1365298728083607976 1365298728083742771
097 01:38:51.259 1365298731257433357 1365298731257560432 1365298728083607976 1365298728083742771
097 01:38:52.252 1365298732250433117 1365298732250558286 1365298728083607976 1365298728083742771
097 01:38:53.245 1365298733243340997 1365298733243464728 1365298728083607976 1365298728083742771
097 01:38:54.238 1365298734236268357 1365298734236389202 1365298733797877653 1365298733798014155
097 01:38:55.231 1365298735229227117 1365298735229357120 1365298733797877653 1365298733798014155
097 01:38:56.224 1365298736222164517 1365298736222297090 1365298733797877653 1365298733798014155
097 01:38:57.217 1365298737215143437 1365298737215273203 1365298733797877653 1365298733798014155
097 01:38:58.210 1365298738208058797 1365298738208190307 1365298733797877653 1365298733798014155
097 01:38:59.202 1365298739200976277 1365298739201118317 1365298733797877653 1365298733798014155
097 01:39:00.196 1365298740193948797 1365298740194129804 1365298739511244563 1365298739511428027
097 01:39:01.189 1365298741186895397 1365298741187480355 1365298739511244563 1365298739511428027
097 01:39:02.181 1365298742179826197 1365298742180441764 1365298739511244563 1365298739511428027
097 01:39:03.173 1365298743172751757 1365298743171983725 1365298739511244563 1365298739511428027
097 01:39:04.168 1365298744165689837 1365298744166621921 1365298739511244563 1365298739511428027
097 01:39:05.161 1365298745158661037 1365298745159920086 1365298739511244563 1365298739511428027
097 01:39:06.153 1365298746151542837 1365298746151851234 1365298745225808381 1365298745227619347
097 01:39:07.149 1365298747144524237 1365298747145540810 1365298745225808381 1365298745227619347
097 01:39:08.141 1365298748137475997 1365298748139961915 1365298745225808381 1365298745227619347
097 01:39:09.135 1365298749130381837 1365298749133803100 1365298745225808381 1365298745227619347
097 01:39:10.126 1365298750123324917 1365298750125096954 1365298745225808381 1365298745227619347
097 01:39:11.121 1365298751116281117 1365298751118609423 1365298750940709491 1365298750939307555
097 01:39:12.113 1365298752109228877 1365298752111544468 1365298750940709491 1365298750939307555
097 01:39:13.105 1365298753102122277 1365298753103589755 1365298750940709491 1365298750939307555
097 01:39:14.099 1365298754095119997 1365298754097141115 1365298750940709491 1365298750939307555
097 01:39:15.091 1365298755088002517 1365298755089986379 1365298750940709491 1365298750939307555
097 01:39:16.084 1365298756080993397 1365298756083087757 1365298750940709491 1365298750939307555
097 01:39:17.077 1365298757073941877 1365298757076551638 1365298756655508907 1365298756654507667
097 01:39:18.067 1365298758066854917 1365298758066405830 1365298756655508907 1365298756654507667
097 01:39:19.063 1365298759059847357 1365298759058455896 1365298756655508907 1365298756654507667
097 01:39:20.055 1365298760052750957 1365298760054170583 1365298756655508907 1365298756654507667
097 01:39:21.048 1365298761045707397 1365298761047006865 1365298756655508907 1365298756654507667
097 01:39:22.041 1365298762038609797 1365298762040194455 1365298756655508907 1365298756654507667
097 01:39:23.035 1365298763031570957 1365298763031933645 1365298762370688768 1365298762371168291
097 01:39:24.028 1365298764024512397 1365298764026853429 1365298762370688768 1365298762371168291
097 01:39:25.019 1365298765017460797 1365298765017942207 1365298762370688768 1365298762371168291
097 01:39:26.013 1365298766010362997 1365298766011969950 1365298762370688768 1365298762371168291
097 01:39:27.006 1365298767003325797 1365298767004536420 1365298762370688768 1365298762371168291
097 01:39:27.999 1365298767996257157 1365298767997344758 1365298762370688768 1365298762371168291
097 01:39:28.992 1365298768989209437 1365298768991083272 1365298768086824153 1365298768085983707
097 01:39:29.984 1365298769982128997 1365298769983229070 1365298768086824153 1365298768085983707
097 01:39:30.979 1365298770975037917 1365298770976875819 1365298768086824153 1365298768085983707
097 01:39:31.971 1365298771968023717 1365298771969711295 1365298768086824153 1365298768085983707
097 01:39:32.964 1365298772960912477 1365298772962393049 1365298768086824153 1365298768085983707
097 01:39:33.956 1365298773953886637 1365298773954280481 1365298773799446661 1365298773799213795
097 01:39:34.950 1365298774946828197 1365298774949180047 1365298773799446661 1365298773799213795
097 01:39:35.941 1365298775939751397 1365298775939061381 1365298773799446661 1365298773799213795
097 01:39:36.936 1365298776932693397 1365298776931211621 1365298773799446661 1365298773799213795
097 01:39:37.927 1365298777925614877 1365298777926317100 1365298773799446661 1365298773799213795
097 01:39:38.921 1365298778918544077 1365298778919766228 1365298773799446661 1365298773799213795
097 01:39:39.916 1365298779911476357 1365298779911426509 1365298779513810837 1365298779514467363
097 01:39:40.906 1365298780904408197 1365298780905549950 1365298779513810837 1365298779514467363
097 01:39:41.900 1365298781897341877 1365298781898966754 1365298779513810837 1365298779514467363
097 01:39:42.893 1365298782890303477 1365298782891767211 1365298779513810837 1365298779514467363
097 01:39:43.886 1365298783883215117 1365298783884419823 1365298779513810837 1365298779514467363
097 01:39:44.879 1365298784876216717 1365298784877864797 1365298779513810837 1365298779514467363
097 01:39:45.872 1365298785869123437 1365298785870848095 1365298785231796586 1365298785231471075
097 01:39:46.864 1365298786862079757 1365298786862871531 1365298785231796586 1365298785231471075
097 01:39:47.857 1365298787855036637 1365298787855736645 1365298785231796586 1365298785231471075
097 01:39:48.850 1365298788847943797 1365298788848829234 1365298785231796586 1365298785231471075
097 01:39:49.843 1365298789840885957 1365298789842127628 1365298785231796586 1365298785231471075
097 01:39:50.836 1365298790833833357 1365298790835123446 1365298785231796586 1365298785231471075
097 01:39:51.831 1365298791826806997 1365298791826625695 1365298790945089533 1365298790945600803
097 01:39:52.823 1365298792819741877 1365298792822661262 1365298790945089533 1365298790945600803
097 01:39:53.816 1365298793812679477 1365298793816397812 1365298790945089533 1365298790945600803
097 01:39:54.808 1365298794805570837 1365298794807061031 1365298790945089533 1365298790945600803
097 01:39:55.802 1365298795798539037 1365298795801106529 1365298790945089533 1365298790945600803
097 01:39:56.794 1365298796791472437 1365298796793768356 1365298796662600635 1365298796662304635
097 01:39:57.789 1365298797784443277 1365298797787380012 1365298796662600635 1365298796662304635
097 01:39:58.782 1365298798777325037 1365298798780548410 1365298796662600635 1365298796662304635
097 01:39:59.774 1365298799770325397 1365298799772825734 1365298796662600635 1365298796662304635
097 01:40:00.768 1365298800763273277 1365298800766248513 1365298796662600635 1365298796662304635
097 01:40:01.761 1365298801756195757 1365298801759348591 1365298796662600635 1365298796662304635
097 01:40:02.753 1365298802749090357 1365298802751732625 1365298802378610687 1365298802376613331
097 01:40:03.744 1365298803742086477 1365298803743783873 1365298802378610687 1365298802376613331
097 01:40:04.738 1365298804734994957 1365298804736799673 1365298802378610687 1365298802376613331
097 01:40:05.730 1365298805727913517 1365298805728824318 1365298802378610687 1365298802376613331
097 01:40:06.724 1365298806720852077 1365298806722532710 1365298802378610687 1365298802376613331
097 01:40:07.716 1365298807713813917 1365298807715200710 1365298802378610687 1365298802376613331
097 01:40:08.710 1365298808706765557 1365298808708321823 1365298808092648081 1365298808092386891
097 01:40:09.701 1365298809699694477 1365298809699907453 1365298808092648081 1365298808092386891
097 01:40:10.696 1365298810692599597 1365298810691870426 1365298808092648081 1365298808092386891
097 01:40:11.688 1365298811685563077 1365298811686734428 1365298808092648081 1365298808092386891
097 01:40:12.682 1365298812678533117 1365298812680483438 1365298808092648081 1365298808092386891
097 01:40:13.672 1365298813671412037 1365298813670695276 1365298808092648081 1365298808092386891
097 01:40:14.668 1365298814664408437 1365298814663677110 1365298813807111357 1365298813808539523
097 01:40:15.659 1365298815657317197 1365298815657935542 1365298813807111357 1365298813808539523
097 01:40:16.652 1365298816650229517 1365298816651289076 1365298813807111357 1365298813808539523
097 01:40:17.647 1365298817643192597 1365298817643208392 1365298813807111357 1365298813808539523
097 01:40:18.638 1365298818636132317 1365298818637825712 1365298813807111357 1365298813808539523
097 01:40:19.631 1365298819629057797 1365298819629855988 1365298819522011174 1365298819521720331
097 01:40:20.625 1365298820622032797 1365298820623537335 1365298819522011174 1365298819521720331
097 01:40:21.617 1365298821614946837 1365298821616116907 1365298819522011174 1365298819521720331
097 01:40:22.611 1365298822607894557 1365298822609124887 1365298819522011174 1365298819521720331
097 01:40:23.603 1365298823600831717 1365298823601994287 1365298819522011174 1365298819521720331
097 01:40:24.596 1365298824593782437 1365298824595140400 1365298819522011174 1365298819521720331
097 01:40:25.590 1365298825586681357 1365298825588017573 1365298825239373613 1365298825239205403
097 01:40:26.581 1365298826579613877 1365298826580067582 1365298825239373613 1365298825239205403
097 01:40:27.574 1365298827572571917 1365298827572682737 1365298825239373613 1365298825239205403
097 01:40:28.568 1365298828565559517 1365298828566754394 1365298825239373613 1365298825239205403
097 01:40:29.560 1365298829558447757 1365298829558580000 1365298825239373613 1365298825239205403
096 18:48:57.702 1365274137700724037 1365274137700857705 1365274134845772334 1365274134845908083
096 18:48:58.695 1365274138693653477 1365274138693797316 1365274134845772334 1365274134845908083
096 18:48:59.688 1365274139686617677 1365274139686758940 1365274134845772334 1365274134845908083
096 18:49:00.681 1365274140679586277 1365274140679728634 1365274140583547764 1365274140583677675
096 18:49:01.674 1365274141672527357 1365274141672657373 1365274140583547764 1365274140583677675
096 18:49:02.667 1365274142665431677 1365274142665570805 1365274140583547764 1365274140583677675
096 18:49:03.660 1365274143658360037 1365274143658492009 1365274140583547764 1365274140583677675
096 18:49:04.653 1365274144651293837 1365274144651433331 1365274140583547764 1365274140583677675
096 18:49:05.646 1365274145644214517 1365274145644350459 1365274140583547764 1365274140583677675
096 18:49:06.639 1365274146637274397 1365274146637409362 1365274146322237393 1365274146322369971
096 18:49:07.632 1365274147630114957 1365274147630262963 1365274146322237393 1365274146322369971
096 18:49:08.624 1365274148623036037 1365274148623153970 1365274146322237393 1365274146322369971
096 18:49:09.617 1365274149615994277 1365274149616127313 1365274146322237393 1365274146322369971
096 18:49:10.610 1365274150608945837 1365274150609079754 1365274146322237393 1365274146322369971
096 18:49:11.603 1365274151601951037 1365274151602092775 1365274146322237393 1365274146322369971
096 18:49:12.596 1365274152594815677 1365274152594945056 1365274152060018306 1365274152060150219
096 18:49:13.589 1365274153587734957 1365274153587881357 1365274152060018306 1365274152060150219
096 18:49:14.582 1365274154580690357 1365274154580827763 1365274152060018306 1365274152060150219
096 18:49:15.575 1365274155573662397 1365274155573810159 1365274152060018306 1365274152060150219
096 18:49:16.568 1365274156566612877 1365274156566754644 1365274152060018306 1365274152060150219
096 18:49:17.562 1365274157559507397 1365274157559648638 1365274152060018306 1365274152060150219
096 18:49:18.554 1365274158552415717 1365274158552570339 1365274157794953768 1365274157795076971
096 18:49:19.547 1365274159545401637 1365274159545524107 1365274157794953768 1365274157795076971
096 18:49:20.540 1365274160538302277 1365274160538422172 1365274157794953768 1365274157795076971
096 18:49:21.533 1365274161531320757 1365274161531455042 1365274157794953768 1365274157795076971
096 18:49:22.526 1365274162524218637 1365274162524354004 1365274157794953768 1365274157795076971
096 18:49:23.519 1365274163517155437 1365274163517283936 1365274157794953768 1365274157795076971
096 18:49:24.512 1365274164510056917 1365274164510192512 1365274163529710322 1365274163529843307
096 18:49:25.504 1365274165502988437 1365274165503128612 1365274163529710322 1365274163529843307
096 18:49:26.498 1365274166496055237 1365274166496171898 1365274163529710322 1365274163529843307
096 18:49:27.490 1365274167488873637 1365274167489005540 1365274163529710322 1365274163529843307
096 18:49:28.483 1365274168481806677 1365274168481936047 1365274163529710322 1365274163529843307
096 18:49:29.476 1365274169474766597 1365274169474900580 1365274169262605019 1365274169262756795
096 18:49:30.469 1365274170467714437 1365274170467844739 1365274169262605019 1365274169262756795
096 18:49:31.462 1365274171460725197 1365274171460876418 1365274169262605019 1365274169262756795
096 18:49:32.455 1365274172453548037 1365274172453683194 1365274169262605019 1365274169262756795
096 18:49:33.448 1365274173446496717 1365274173446643483 1365274169262605019 1365274169262756795
096 18:49:34.441 1365274174439465877 1365274174439595264 1365274169262605019 1365274169262756795
096 18:49:35.434 1365274175432420957 1365274175432562522 1365274174998423557 1365274174998538491
096 18:49:36.427 1365274176425417277 1365274176425529376 1365274174998423557 1365274174998538491
096 18:49:37.420 1365274177418266437 1365274177418386373 1365274174998423557 1365274174998538491
096 18:49:38.413 1365274178411211597 1365274178411324299 1365274174998423557 1365274174998538491
096 18:49:39.406 1365274179404155277 1365274179404269355 1365274174998423557 1365274174998538491
096 18:49:40.399 1365274180397108277 1365274180397221187 1365274174998423557 1365274174998538491
096 18:49:41.392 1365274181390102197 1365274181390220463 1365274180733281647 1365274180733435931
096 18:49:42.385 1365274182382918437 1365274182383039137 1365274180733281647 1365274180733435931
096 18:49:43.377 1365274183375890557 1365274183376036812 1365274180733281647 1365274180733435931
096 18:49:44.370 1365274184368845357 1365274184368973173 1365274180733281647 1365274180733435931
096 18:49:45.363 1365274185361729517 1365274185361859818 1365274180733281647 1365274180733435931
096 18:49:46.356 1365274186354780757 1365274186354914993 1365274180733281647 1365274180733435931
096 18:49:47.349 1365274187347620157 1365274187347749590 1365274186468095724 1365274186468239939
096 18:49:48.342 1365274188340558997 1365274188340708303 1365274186468095724 1365274186468239939
096 18:49:49.335 1365274189333529877 1365274189333665791 1365274186468095724 1365274186468239939
096 18:49:50.328 1365274190326442557 1365274190326583205 1365274186468095724 1365274186468239939
096 18:49:51.321 1365274191319466037 1365274191319603071 1365274186468095724 1365274186468239939
096 18:49:52.314 1365274192312335837 1365274192312472983 1365274192201974406 1365274192202104355
096 18:49:53.307 1365274193305232877 1365274193305365059 1365274192201974406 1365274192202104355
096 18:49:54.300 1365274194298208557 1365274194298339269 1365274192201974406 1365274192202104355
096 18:49:55.293 1365274195291141237 1365274195291277056 1365274192201974406 1365274192202104355
096 18:49:56.286 1365274196284141837 1365274196284278374 1365274192201974406 1365274192202104355
096 18:49:57.278 1365274197277007957 1365274197277150012 1365274192201974406 1365274192202104355
096 18:49:58.271 1365274198269957157 1365274198270061842 1365274197936781838 1365274197936936259
096 18:49:59.264 1365274199262895877 1365274199263061633 1365274197936781838 1365274197936936259
096 18:50:00.257 1365274200255834837 1365274200255992256 1365274197936781838 1365274197936936259
096 18:50:01.250 1365274201248844237 1365274201249001696 1365274197936781838 1365274197936936259
096 18:50:02.243 1365274202241698277 1365274202241860855 1365274197936781838 1365274197936936259
096 18:50:03.236 1365274203234646997 1365274203234794063 1365274197936781838 1365274197936936259
096 18:50:04.229 1365274204227594277 1365274204227750065 1365274203671633221 1365274203671733707
096 18:50:05.222 1365274205220552437 1365274205220668298 1365274203671633221 1365274203671733707
096 18:50:06.215 1365274206213493917 1365274206213618903 1365274203671633221 1365274203671733707
096 18:50:07.209 1365274207206432317 1365274207206553838 1365274203671633221 1365274203671733707
096 18:50:08.201 1365274208199312437 1365274208199419085 1365274203671633221 1365274203671733707
096 18:50:09.194 1365274209192272477 1365274209192404968 1365274203671633221 1365274203671733707
096 18:50:10.187 1365274210185209877 1365274210185310035 1365274209406475733 1365274209406634427
096 18:50:11.180 1365274211178189677 1365274211178347122 1365274209406475733 1365274209406634427
096 18:50:12.173 1365274212171088557 1365274212171245212 1365274209406475733 1365274209406634427
096 18:50:13.167 1365274213165020037 1365274213165180137 1365274209406475733 1365274209406634427
096 18:50:14.159 1365274214157938557 1365274214158101624 1365274209406475733 1365274209406634427
096 18:50:15.152 1365274215150883437 1365274215151021940 1365274215139348605 1365274215139474179
096 18:50:16.145 1365274216143784877 1365274216143937315 1365274215139348605 1365274215139474179
096 18:50:17.138 1365274217136765037 1365274217136913755 1365274215139348605 1365274215139474179
096 18:50:18.131 1365274218129682877 1365274218129857984 1365274215139348605 1365274215139474179
096 18:50:19.124 1365274219122655197 1365274219122786646 1365274215139348605 1365274215139474179
096 18:50:20.117 1365274220115597997 1365274220115748677 1365274215139348605 1365274215139474179
096 18:50:21.110 1365274221108508797 1365274221108665619 1365274220875160988 1365274220875269043
096 18:50:22.103 1365274222101437397 1365274222101565958 1365274220875160988 1365274220875269043
096 18:50:23.096 1365274223094384077 1365274223094509338 1365274220875160988 1365274220875269043
096 18:50:24.089 1365274224087328477 1365274224087464878 1365274220875160988 1365274220875269043
096 18:50:25.082 1365274225080289477 1365274225080425429 1365274220875160988 1365274220875269043
096 18:50:26.075 1365274226073232277 1365274226073359734 1365274220875160988 1365274220875269043
096 18:50:27.068 1365274227066138637 1365274227066265822 1365274226609964078 1365274226610118923
096 18:50:28.061 1365274228059129397 1365274228059248939 1365274226609964078 1365274226610118923
096 18:50:29.054 1365274229052046917 1365274229052187624 1365274226609964078 1365274226610118923
096 18:50:30.047 1365274230044990277 1365274230045136481 1365274226609964078 1365274226610118923
096 18:50:31.039 1365274231037941637 1365274231038086217 1365274226609964078 1365274226610118923
096 18:50:32.032 1365274232030854237 1365274232030985804 1365274226609964078 1365274226610118923
096 18:50:33.025 1365274233023782317 1365274233023930743 1365274232344869728 1365274232344983419
096 18:50:34.018 1365274234016734117 1365274234016849854 1365274232344869728 1365274232344983419
096 18:50:35.011 1365274235009672277 1365274235009791664 1365274232344869728 1365274232344983419
096 18:50:36.004 1365274236002628117 1365274236002749720 1365274232344869728 1365274232344983419
096 18:50:36.997 1365274236995578157 1365274236995684355 1365274232344869728 1365274232344983419
096 18:50:37.990 1365274237988510997 1365274237988630719 1365274232344869728 1365274232344983419
096 18:50:38.983 1365274238981412437 1365274238981531574 1365274238080702172 1365274238080849963
096 18:50:39.976 1365274239974352957 1365274239974493185 1365274238080702172 1365274238080849963
096 18:50:40.969 1365274240967356277 1365274240967502813 1365274238080702172 1365274238080849963
096 18:50:41.962 1365274241960247317 1365274241960361579 1365274238080702172 1365274238080849963
096 18:50:42.955 1365274242953234077 1365274242953374334 1365274238080702172 1365274238080849963
096 18:50:44.362 1365274244360544517 1365274244360679462 1365274238080702172 1365274238080849963
096 18:50:45.355 1365274245353430317 1365274245353560521 1365274238080702172 1365274238080849963
096 18:50:46.348 1365274246346420517 1365274246346556199 1365274245887404135 1365274245887525411
096 18:50:47.341 1365274247339318757 1365274247339443633 1365274245887404135 1365274245887525411
096 18:50:48.334 1365274248332248997 1365274248332373882 1365274245887404135 1365274245887525411
096 18:50:49.327 1365274249325215437 1365274249325337171 1365274245887404135 1365274245887525411
096 18:50:50.320 1365274250318176077 1365274250318297860 1365274245887404135 1365274245887525411
096 18:50:51.313 1365274251311116077 1365274251311237619 1365274250360511690 1365274250360652115
096 18:50:52.306 1365274252304088917 1365274252304226282 1365274250360511690 1365274250360652115
096 18:50:53.298 1365274253296996077 1365274253297115379 1365274250360511690 1365274250360652115
096 18:50:54.291 1365274254289913357 1365274254290046916 1365274250360511690 1365274250360652115
096 18:50:55.284 1365274255282854797 1365274255282988907 1365274254831753672 1365274254831899955
096 18:50:56.277 1365274256275801157 1365274256275970028 1365274254831753672 1365274254831899955
096 18:50:57.270 1365274257268764517 1365274257268871607 1365274254831753672 1365274254831899955
096 18:50:58.263 1365274258261675277 1365274258261831149 1365274254831753672 1365274254831899955
096 18:50:59.256 1365274259254589357 1365274259254722661 1365274254831753672 1365274254831899955
096 18:51:00.249 1365274260247555597 1365274260247697357 1365274259305854279 1365274259306000803
096 18:51:01.242 1365274261240522877 1365274261240658357 1365274259305854279 1365274259306000803
096 18:51:02.235 1365274262233461237 1365274262233597387 1365274259305854279 1365274259306000803
096 18:51:03.228 1365274263226359357 1365274263226488956 1365274259305854279 1365274259306000803
096 18:51:04.221 1365274264219320877 1365274264219459828 1365274263777049078 1365274263777180187
096 18:51:05.214 1365274265212241037 1365274265212364551 1365274263777049078 1365274263777180187
096 18:51:06.207 1365274266205232557 1365274266205362467 1365274263777049078 1365274263777180187
096 18:51:07.200 1365274267198148277 1365274267198281100 1365274263777049078 1365274263777180187
096 18:51:08.193 1365274268191100717 1365274268191225862 1365274263777049078 1365274263777180187
096 18:51:09.185 1365274269184046797 1365274269184159169 1365274268250222892 1365274268250368763
096 18:51:10.178 1365274270176948557 1365274270177087139 1365274268250222892 1365274268250368763
096 18:51:11.171 1365274271169927917 1365274271170069352 1365274268250222892 1365274268250368763
096 18:51:12.164 1365274272162826837 1365274272162961845 1365274268250222892 1365274268250368763
096 18:51:13.157 1365274273155768437 1365274273155903825 1365274272721290110 1365274272721427427
096 18:51:14.150 1365274274148691997 1365274274148822688 1365274272721290110 1365274272721427427
096 18:51:15.143 1365274275141630917 1365274275141769270 1365274272721290110 1365274272721427427
096 18:51:16.136 1365274276134580957 1365274276134720201 1365274272721290110 1365274272721427427
096 18:51:17.129 1365274277127560837 1365274277127693914 1365274272721290110 1365274272721427427
096 18:51:18.122 1365274278120468037 1365274278120607371 1365274277196398715 1365274277196533899
096 18:51:19.115 1365274279113405197 1365274279113553698 1365274277196398715 1365274277196533899
096 18:51:20.108 1365274280106370477 1365274280106479185 1365274277196398715 1365274277196533899
096 18:51:21.101 1365274281099300277 1365274281099434114 1365274277196398715 1365274277196533899
096 18:51:22.094 1365274282092287437 1365274282092440348 1365274281668658724 1365274281668784619
096 18:51:23.087 1365274283085209477 1365274283085324135 1365274281668658724 1365274281668784619
096 18:51:24.080 1365274284078158037 1365274284078289392 1365274281668658724 1365274281668784619
096 18:51:25.073 1365274285071054717 1365274285071190628 1365274281668658724 1365274281668784619
096 18:51:26.065 1365274286064013317 1365274286064134174 1365274281668658724 1365274281668784619
096 18:51:27.058 1365274287056964397 1365274287057094893 1365274286145644631 1365274286145787595
096 18:51:28.051 1365274288049871957 1365274288049999611 1365274286145644631 1365274286145787595
096 18:51:29.044 1365274289042807037 1365274289042938983 1365274286145644631 1365274286145787595
096 18:51:30.037 1365274290035802117 1365274290035927534 1365274286145644631 1365274286145787595
096 18:51:31.030 1365274291028749437 1365274291028890000 1365274290620765604 1365274290620910059
096 18:51:32.023 1365274292021682237 1365274292021799255 1365274290620765604 1365274290620910059
096 18:51:33.016 1365274293014599557 1365274293014739116 1365274290620765604 1365274290620910059
096 18:51:34.009 1365274294007566437 1365274294007700452 1365274290620765604 1365274290620910059
096 18:51:35.002 1365274295000488477 1365274295000619747 1365274290620765604 1365274290620910059
096 18:51:35.996 1365274295994368517 1365274295994502787 1365274295095838798 1365274295095978283
096 18:51:36.989 1365274296987330957 1365274296987480552 1365274295095838798 1365274295095978283
096 18:51:37.982 1365274297980245197 1365274297980354938 1365274295095838798 1365274295095978283
096 18:51:38.975 1365274298973216477 1365274298973352613 1365274295095838798 1365274295095978283
096 18:51:39.968 1365274299966230037 1365274299966366156 1365274299570905727 1365274299571023891
096 18:51:40.961 1365274300959087437 1365274300959224332 1365274299570905727 1365274299571023891
096 18:51:41.954 1365274301952034837 1365274301952154472 1365274299570905727 1365274299571023891
096 18:51:42.946 1365274302944961077 1365274302945091588 1365274299570905727 1365274299571023891
096 18:51:43.939 1365274303937909077 1365274303938036727 1365274299570905727 1365274299571023891
096 18:51:44.932 1365274304930903837 1365274304931031829 1365274304048992929 1365274304049121571
096 18:51:45.925 1365274305923773917 1365274305923909489 1365274304048992929 1365274304049121571
096 18:51:46.918 1365274306916747077 1365274306916874595 1365274304048992929 1365274304049121571
096 18:51:47.911 1365274307909654957 1365274307909787574 1365274304048992929 1365274304049121571
096 18:51:48.904 1365274308902625437 1365274308902741566 1365274308524055590 1365274308524193779
096 18:51:49.897 1365274309895566197 1365274309895709728 1365274308524055590 1365274308524193779
096 18:51:50.890 1365274310888475597 1365274310888627932 1365274308524055590 1365274308524193779
096 18:51:51.883 1365274311881385557 1365274311881518055 1365274308524055590 1365274308524193779
096 18:51:52.876 1365274312874307397 1365274312874438963 1365274308524055590 1365274308524193779
096 18:51:53.869 1365274313867273917 1365274313867419297 1365274313002366449 1365274313002510675
096 18:51:54.862 1365274314860292957 1365274314860417365 1365274313002366449 1365274313002510675
096 18:51:55.855 1365274315853116997 1365274315853256096 1365274313002366449 1365274313002510675
096 18:51:56.848 1365274316846067957 1365274316846201973 1365274313002366449 1365274313002510675
096 18:51:57.840 1365274317838995917 1365274317839129178 1365274317477205486 1365274317477339259
096 18:51:58.833 1365274318831973717 1365274318832113104 1365274317477205486 1365274317477339259
096 18:51:59.826 1365274319824943237 1365274319825068026 1365274317477205486 1365274317477339259

