097 00:34:24.886 1365294864884570877 1365294864884717985 1365294863773578676 1365294863773731243
097 00:34:25.879 1365294865877516557 1365294865877667131 1365294863773578676 1365294863773731243
097 00:34:26.872 1365294866870524477 1365294866870678852 1365294863773578676 1365294863773731243
097 00:34:27.865 1365294867863425357 1365294867863585233 1365294863773578676 1365294863773731243
097 00:34:28.858 1365294868856332517 1365294868856486514 1365294868632766763 1365294868632874067
097 00:34:29.851 1365294869849291997 1365294869849430707 1365294868632766763 1365294868632874067
097 00:34:30.844 1365294870842219597 1365294870842363541 1365294868632766763 1365294868632874067
097 00:34:31.837 1365294871835247997 1365294871835384458 1365294868632766763 1365294868632874067
097 00:34:32.830 1365294872828110957 1365294872828242436 1365294868632766763 1365294868632874067
097 00:34:33.823 1365294873821027397 1365294873821163950 1365294873491921525 1365294873492052427
097 00:34:34.815 1365294874813968237 1365294874814102219 1365294873491921525 1365294873492052427
097 00:34:35.808 1365294875806889517 1365294875807005865 1365294873491921525 1365294873492052427
097 00:34:36.801 1365294876799913357 1365294876800039780 1365294873491921525 1365294873492052427
097 00:34:37.794 1365294877792783037 1365294877792908622 1365294873491921525 1365294873492052427
097 00:34:38.787 1365294878785692477 1365294878785822418 1365294878351092001 1365294878351230067
097 00:34:39.780 1365294879778684197 1365294879778816439 1365294878351092001 1365294878351230067
097 00:34:40.773 1365294880771637357 1365294880771768874 1365294878351092001 1365294878351230067
097 00:34:41.766 1365294881764622637 1365294881764755292 1365294878351092001 1365294878351230067
097 00:34:42.759 1365294882757481517 1365294882757610607 1365294878351092001 1365294878351230067
097 00:34:43.752 1365294883750419277 1365294883750549700 1365294883211216301 1365294883211351859
097 00:34:44.745 1365294884743336957 1365294884743477489 1365294883211216301 1365294883211351859
097 00:34:45.738 1365294885736280317 1365294885736408692 1365294883211216301 1365294883211351859
097 00:34:46.731 1365294886729267677 1365294886729405664 1365294883211216301 1365294883211351859
097 00:34:47.724 1365294887722143357 1365294887722253600 1365294883211216301 1365294883211351859
097 00:34:48.717 1365294888715077557 1365294888715217592 1365294888070427111 1365294888070568587
097 00:34:49.709 1365294889707992997 1365294889708100148 1365294888070427111 1365294888070568587
097 00:34:50.702 1365294890700938717 1365294890701052106 1365294888070427111 1365294888070568587
097 00:34:51.695 1365294891693978397 1365294891694087892 1365294888070427111 1365294888070568587
097 00:34:52.688 1365294892686819037 1365294892686947945 1365294888070427111 1365294888070568587
097 00:34:53.681 1365294893679737157 1365294893679829981 1365294892929567565 1365294892929732963
097 00:34:54.674 1365294894672671957 1365294894672826610 1365294892929567565 1365294892929732963
097 00:34:55.667 1365294895665621157 1365294895665787119 1365294892929567565 1365294892929732963
097 00:34:56.660 1365294896658617397 1365294896658780841 1365294892929567565 1365294892929732963
097 00:34:57.653 1365294897651506277 1365294897651662637 1365294892929567565 1365294892929732963
097 00:34:58.646 1365294898644456197 1365294898644603299 1365294897789836750 1365294897789946539[tx started-50000000]

097 00:34:59.640 1365294899637365517 1365294899643689002 1365294897789836750 1365294897789946539
097 00:35:00.645 1365294900630313517 1365294900644421013 1365294897789836750 1365294897789946539
097 00:35:01.626 1365294901623338037 1365294901637008790 1365294897789836750 1365294897789946539
097 00:35:02.615 1365294902616201797 1365294902614501520 1365294897789836750 1365294897789946539
097 00:35:03.640 1365294903609189717 1365294903605939910 1365294902628441761 1365294902672688963
097 00:35:04.633 1365294904602124677 1365294904631452690 1365294902628441761 1365294902672688963
097 00:35:05.626 1365294905595021437 1365294905624163698 1365294902628441761 1365294902672688963
097 00:35:06.620 1365294906588062717 1365294906619033537 1365294902628441761 1365294902672688963
097 00:35:07.604 1365294907580880877 1365294907612764011 1365294907522570643 1365294907532217619
097 00:35:08.596 1365294908573864197 1365294908595523631 1365294907522570643 1365294907532217619
097 00:35:09.590 1365294909566795837 1365294909589442350 1365294907522570643 1365294907532217619
097 00:35:10.584 1365294910559715117 1365294910583194534 1365294907522570643 1365294907532217619
097 00:35:11.576 1365294911552724877 1365294911576870581 1365294907522570643 1365294907532217619
097 00:35:12.569 1365294912545579397 1365294912567186178 1365294912372438307 1365294912395878731
097 00:35:13.567 1365294913538541357 1365294913561020501 1365294912372438307 1365294912395878731
097 00:35:14.555 1365294914531483797 1365294914553252489 1365294912372438307 1365294912395878731
097 00:35:15.553 1365294915524395717 1365294915548318915 1365294912372438307 1365294912395878731
097 00:35:16.546 1365294916517447037 1365294916545249973 1365294912372438307 1365294912395878731
097 00:35:18.528 1365294918503248197 1365294918529507174 1365294917239614256 1365294917252694123
097 00:35:19.521 1365294919496189477 1365294919520644805 1365294917239614256 1365294917252694123
097 00:35:20.513 1365294920489116717 1365294920507885798 1365294917239614256 1365294917252694123
097 00:35:21.513 1365294921482091237 1365294921512407325 1365294917239614256 1365294917252694123
097 00:35:22.494 1365294922474999397 1365294922505135190 1365294922100767343 1365294922115109267
097 00:35:23.486 1365294923467936917 1365294923484839536 1365294922100767343 1365294922115109267
097 00:35:24.480 1365294924460876277 1365294924480898779 1365294922100767343 1365294922115109267
097 00:54:59.957 1365296099859305837 1365296099855911093 1365296098943162756 1365296099036482971
097 00:55:00.948 1365296100852197797 1365296100947331642 1365296098943162756 1365296099036482971
097 00:55:01.942 1365296101845161517 1365296101940403130 1365296101425465888 1365296101330546443
097 00:55:02.935 1365296102838083477 1365296102933209390 1365296101425465888 1365296101330546443
097 00:55:03.834 1365296103831027317 1365296103926148233 1365296103808079702 1365296103713249435
097 00:55:04.825 1365296104823999357 1365296104824212274 1365296103808079702 1365296103713249435
097 00:55:05.818 1365296105816892837 1365296105817119228 1365296103808079702 1365296103713249435
097 00:55:06.811 1365296106809834837 1365296106810033503 1365296106097827737 1365296106097889819
097 00:55:07.804 1365296107802815117 1365296107802938046 1365296106097827737 1365296106097889819
097 00:55:08.797 1365296108795753797 1365296108795889466 1365296108480415901 1365296108480554155
097 00:55:09.790 1365296109788653117 1365296109788738086 1365296108480415901 1365296108480554155
097 00:55:10.783 1365296110781592557 1365296110781702035 1365296108480415901 1365296108480554155
097 00:55:11.777 1365296111775506717 1365296111775608237 1365296110865006979 1365296110865164139
097 00:55:12.770 1365296112768449797 1365296112768565960 1365296110865006979 1365296110865164139
097 00:55:13.764 1365296113762253517 1365296113762370280 1365296113247689662 1365296113247831475
097 00:55:14.757 1365296114755364237 1365296114755486188 1365296113247689662 1365296113247831475
097 00:55:15.750 1365296115748278797 1365296115748378395 1365296115631390305 1365296115631556395
097 00:55:16.743 1365296116741212877 1365296116741354052 1365296115631390305 1365296115631556395
097 00:55:17.736 1365296117734123197 1365296117734271310 1365296115631390305 1365296115631556395
097 00:55:18.729 1365296118727086557 1365296118727229388 1365296118016059531 1365296118016179579
097 00:55:19.721 1365296119720027077 1365296119720145502 1365296118016059531 1365296118016179579
097 00:55:20.714 1365296120712940597 1365296120713078166 1365296120399650651 1365296120399780419
097 00:55:21.707 1365296121705936597 1365296121706058106 1365296120399650651 1365296120399780419
097 00:55:22.700 1365296122698822877 1365296122698909758 1365296120399650651 1365296120399780419
097 00:55:23.693 1365296123691769317 1365296123691876511 1365296122784242525 1365296122784418155
097 00:55:24.686 1365296124684746877 1365296124684862806 1365296122784242525 1365296122784418155
097 00:55:25.679 1365296125677665037 1365296125677786151 1365296125166967898 1365296125167113227
097 00:55:26.672 1365296126670596717 1365296126670731202 1365296125166967898 1365296125167113227
097 00:55:27.665 1365296127663554797 1365296127663678214 1365296127549578528 1365296127549728867
097 00:55:28.658 1365296128656453357 1365296128656584015 1365296127549578528 1365296127549728867
097 00:55:29.651 1365296129649423357 1365296129649572055 1365296127549578528 1365296127549728867
097 00:55:30.644 1365296130642332317 1365296130642493184 1365296129935238774 1365296129935352723
097 00:55:31.637 1365296131635239357 1365296131635352846 1365296129935238774 1365296129935352723
097 00:55:32.630 1365296132628209997 1365296132628344759 1365296132317916139 1365296132318052851
097 00:55:33.623 1365296133621135157 1365296133621242159 1365296132317916139 1365296132318052851
097 00:55:34.616 1365296134614133397 1365296134614239502 1365296132317916139 1365296132318052851
097 00:55:35.609 1365296135607068357 1365296135607179786 1365296134703490898 1365296134703646835
097 00:55:36.601 1365296136599945437 1365296136600071988 1365296134703490898 1365296134703646835
097 00:55:37.594 1365296137592916677 1365296137593051968 1365296137087191946 1365296137087328323
097 00:55:38.587 1365296138585858757 1365296138585983642 1365296137087191946 1365296137087328323
097 00:55:39.580 1365296139578786277 1365296139578908828 1365296139469857776 1365296139469990531
097 00:55:40.573 1365296140571755317 1365296140571883624 1365296139469857776 1365296139469990531
097 00:55:41.566 1365296141564705077 1365296141564844745 1365296139469857776 1365296139469990531
097 00:55:42.895 1365296142893804037 1365296142893907273 1365296139469857776 1365296139469990531
097 00:55:43.888 1365296143886716197 1365296143886842483 1365296139469857776 1365296139469990531
097 00:55:44.881 1365296144879711677 1365296144879874120 1365296139469857776 1365296139469990531
097 00:55:45.874 1365296145872582317 1365296145872671641 1365296145368860355 1365296145369035979
097 00:55:46.867 1365296146865536437 1365296146865732318 1365296145368860355 1365296145369035979
097 00:55:47.860 1365296147858494517 1365296147858685564 1365296145368860355 1365296145369035979
097 00:55:48.853 1365296148851440837 1365296148851641311 1365296145368860355 1365296145369035979
097 00:55:49.846 1365296149844336677 1365296149844528934 1365296145368860355 1365296145369035979
097 00:55:50.839 1365296150837287157 1365296150837494400 1365296150787970949 1365296150788040587
097 00:55:51.832 1365296151830253037 1365296151830368811 1365296150787970949 1365296150788040587
097 00:55:52.825 1365296152823169637 1365296152823297063 1365296150787970949 1365296150788040587
097 00:55:53.818 1365296153816157077 1365296153816287364 1365296150787970949 1365296150788040587
097 00:55:54.811 1365296154809054917 1365296154809193639 1365296150787970949 1365296150788040587
097 00:55:55.804 1365296155802023757 1365296155802129649 1365296150787970949 1365296150788040587
097 00:55:56.796 1365296156794935557 1365296156795062719 1365296156206106950 1365296156206242643
097 00:55:57.789 1365296157787858677 1365296157787967100 1365296156206106950 1365296156206242643
097 00:55:58.782 1365296158780844997 1365296158780953817 1365296156206106950 1365296156206242643
097 00:55:59.775 1365296159773751117 1365296159773859198 1365296156206106950 1365296156206242643
097 00:56:00.768 1365296160766721437 1365296160766828391 1365296156206106950 1365296156206242643
097 00:56:01.761 1365296161759638237 1365296161759738366 1365296161624285018 1365296161624450979
097 00:56:02.754 1365296162752601557 1365296162752743953 1365296161624285018 1365296161624450979
097 00:56:03.747 1365296163745487037 1365296163745589496 1365296161624285018 1365296161624450979
097 00:56:04.740 1365296164738450437 1365296164738625440 1365296161624285018 1365296161624450979
097 00:56:05.733 1365296165731431637 1365296165731573266 1365296161624285018 1365296161624450979
097 00:56:06.726 1365296166724351357 1365296166724476919 1365296161624285018 1365296161624450979
097 00:56:07.719 1365296167717270597 1365296167717404868 1365296167046448906 1365296167046575779
097 00:56:08.712 1365296168710220477 1365296168710346767 1365296167046448906 1365296167046575779
097 00:56:09.705 1365296169703162157 1365296169703281434 1365296167046448906 1365296167046575779
097 00:56:10.698 1365296170696076797 1365296170696195472 1365296167046448906 1365296167046575779
097 00:56:11.691 1365296171689047997 1365296171689166531 1365296167046448906 1365296167046575779
097 00:56:12.683 1365296172681988717 1365296172682101769 1365296172468545022 1365296172468707203
097 00:56:13.676 1365296173674921597 1365296173675061860 1365296172468545022 1365296172468707203
097 00:56:14.669 1365296174667845797 1365296174667985378 1365296172468545022 1365296172468707203
097 00:56:15.662 1365296175660799277 1365296175660945618 1365296172468545022 1365296172468707203
097 00:56:16.655 1365296176653771357 1365296176653908704 1365296172468545022 1365296172468707203
097 00:56:17.648 1365296177646657277 1365296177646811854 1365296172468545022 1365296172468707203
097 00:56:18.641 1365296178639600077 1365296178639719277 1365296177892607416 1365296177892752715
097 00:56:19.634 1365296179632565637 1365296179632739155 1365296177892607416 1365296177892752715
097 00:56:20.627 1365296180625526277 1365296180625677259 1365296177892607416 1365296177892752715
097 00:56:21.620 1365296181618436037 1365296181618595103 1365296177892607416 1365296177892752715
097 00:56:22.613 1365296182611384557 1365296182611542696 1365296177892607416 1365296177892752715
097 00:56:23.606 1365296183604316797 1365296183604480652 1365296183313757866 1365296183313859587
097 00:56:24.599 1365296184597245437 1365296184597374473 1365296183313757866 1365296183313859587
097 00:56:25.592 1365296185590173837 1365296185590295601 1365296183313757866 1365296183313859587
097 00:56:26.585 1365296186583098357 1365296186583228991 1365296183313757866 1365296183313859587
097 00:56:27.577 1365296187576049437 1365296187576185371 1365296183313757866 1365296183313859587
097 00:56:28.570 1365296188569019517 1365296188569156108 1365296183313757866 1365296183313859587
097 00:56:29.563 1365296189561954717 1365296189562063930 1365296188737760147 1365296188737899235
097 00:56:30.556 1365296190554891077 1365296190555031988 1365296188737760147 1365296188737899235
097 00:56:31.550 1365296191547867837 1365296191548011036 1365296188737760147 1365296188737899235
097 00:56:32.542 1365296192540751357 1365296192540901372 1365296188737760147 1365296188737899235
097 00:56:33.535 1365296193533720317 1365296193533861555 1365296188737760147 1365296188737899235
097 00:56:34.528 1365296194526623237 1365296194526769165 1365296194158000943 1365296194158118923
097 00:56:35.521 1365296195519598997 1365296195519737626 1365296194158000943 1365296194158118923
097 00:56:36.514 1365296196512528557 1365296196512637450 1365296194158000943 1365296194158118923
097 00:56:37.507 1365296197505471277 1365296197505612835 1365296194158000943 1365296194158118923
097 00:56:38.500 1365296198498381877 1365296198498503811 1365296194158000943 1365296194158118923
097 00:56:39.493 1365296199491354477 1365296199491488548 1365296194158000943 1365296194158118923
097 00:56:40.486 1365296200484314877 1365296200484432709 1365296199578048318 1365296199578187459
097 00:56:41.479 1365296201477282437 1365296201477427653 1365296199578048318 1365296199578187459
097 00:56:42.472 1365296202470172757 1365296202470308558 1365296199578048318 1365296199578187459
097 00:56:43.464 1365296203463102037 1365296203463246680 1365296199578048318 1365296199578187459
097 00:56:44.457 1365296204456039917 1365296204456178840 1365296199578048318 1365296199578187459
097 00:56:45.451 1365296205449029277 1365296205449166851 1365296204997217881 1365296204997342899
097 00:56:46.443 1365296206441953477 1365296206442087496 1365296204997217881 1365296204997342899
097 00:56:47.436 1365296207434906037 1365296207435032733 1365296204997217881 1365296204997342899
097 00:56:48.429 1365296208427852237 1365296208427984571 1365296204997217881 1365296204997342899
097 00:56:49.422 1365296209420746077 1365296209420880456 1365296204997217881 1365296204997342899
097 00:56:50.415 1365296210413730517 1365296210413867065 1365296204997217881 1365296204997342899
097 00:56:51.408 1365296211406654037 1365296211406799081 1365296210418350348 1365296210418481475
097 00:56:52.401 1365296212399590197 1365296212399706743 1365296210418350348 1365296210418481475
097 00:56:53.394 1365296213392566677 1365296213392705995 1365296210418350348 1365296210418481475
097 00:56:54.387 1365296214385482557 1365296214385619701 1365296210418350348 1365296210418481475
097 00:56:55.380 1365296215378389317 1365296215378527740 1365296210418350348 1365296210418481475
097 00:56:56.373 1365296216371337917 1365296216371474212 1365296215835566609 1365296215835700403
097 00:56:57.366 1365296217364316117 1365296217364453002 1365296215835566609 1365296215835700403

